C:\USERS\LAPTOP\DOCUMENTS\VISUAL STUDIO 2012\PROJECTS\GAME_CHINH_THUC\DEBUG\VC110.PDB
C:\USERS\LAPTOP\DOCUMENTS\VISUAL STUDIO 2012\PROJECTS\GAME_CHINH_THUC\DEBUG\MAIN.OBJ
C:\USERS\LAPTOP\DOCUMENTS\VISUAL STUDIO 2012\PROJECTS\GAME_CHINH_THUC\DEBUG\COMMONFUNCTION.OBJ
C:\USERS\LAPTOP\DOCUMENTS\VISUAL STUDIO 2012\PROJECTS\GAME_CHINH_THUC\DEBUG\BASEOBJECT.OBJ
C:\USERS\LAPTOP\DOCUMENTS\VISUAL STUDIO 2012\PROJECTS\GAME_CHINH_THUC\DEBUG\RANDOMMAP.OBJ
C:\USERS\LAPTOP\DOCUMENTS\VISUAL STUDIO 2012\PROJECTS\GAME_CHINH_THUC\DEBUG\GAMEMAP.OBJ
C:\USERS\LAPTOP\DOCUMENTS\VISUAL STUDIO 2012\PROJECTS\GAME_CHINH_THUC\DEBUG\GAME_CHINH_THUC.ILK
C:\USERS\LAPTOP\DOCUMENTS\VISUAL STUDIO 2012\PROJECTS\GAME_CHINH_THUC\DEBUG\GAME_CHINH_THUC.EXE
C:\USERS\LAPTOP\DOCUMENTS\VISUAL STUDIO 2012\PROJECTS\GAME_CHINH_THUC\DEBUG\GAME_CHINH_THUC.PDB
C:\Users\LapTop\Documents\Visual Studio 2012\Projects\game_chinh_thuc\Debug\BaseObject.obj
C:\Users\LapTop\Documents\Visual Studio 2012\Projects\game_chinh_thuc\Debug\CommonFunction.obj
C:\Users\LapTop\Documents\Visual Studio 2012\Projects\game_chinh_thuc\Debug\gamemap.obj
C:\Users\LapTop\Documents\Visual Studio 2012\Projects\game_chinh_thuc\Debug\randommap.obj
C:\Users\LapTop\Documents\Visual Studio 2012\Projects\game_chinh_thuc\Debug\game_chinh_thuc.ilk
C:\Users\LapTop\Documents\Visual Studio 2012\Projects\game_chinh_thuc\Debug\cl.command.1.tlog
C:\Users\LapTop\Documents\Visual Studio 2012\Projects\game_chinh_thuc\Debug\CL.read.1.tlog
C:\Users\LapTop\Documents\Visual Studio 2012\Projects\game_chinh_thuc\Debug\CL.write.1.tlog
C:\Users\LapTop\Documents\Visual Studio 2012\Projects\game_chinh_thuc\Debug\link-cvtres.read.1.tlog
C:\Users\LapTop\Documents\Visual Studio 2012\Projects\game_chinh_thuc\Debug\link-cvtres.write.1.tlog
C:\Users\LapTop\Documents\Visual Studio 2012\Projects\game_chinh_thuc\Debug\link-rc.read.1.tlog
C:\Users\LapTop\Documents\Visual Studio 2012\Projects\game_chinh_thuc\Debug\link-rc.write.1.tlog
C:\Users\LapTop\Documents\Visual Studio 2012\Projects\game_chinh_thuc\Debug\link.3100-cvtres.read.1.tlog
C:\Users\LapTop\Documents\Visual Studio 2012\Projects\game_chinh_thuc\Debug\link.3100-cvtres.write.1.tlog
C:\Users\LapTop\Documents\Visual Studio 2012\Projects\game_chinh_thuc\Debug\link.3100-rc.read.1.tlog
C:\Users\LapTop\Documents\Visual Studio 2012\Projects\game_chinh_thuc\Debug\link.3100-rc.write.1.tlog
C:\Users\LapTop\Documents\Visual Studio 2012\Projects\game_chinh_thuc\Debug\link.3100.read.1.tlog
C:\Users\LapTop\Documents\Visual Studio 2012\Projects\game_chinh_thuc\Debug\link.3100.write.1.tlog
C:\Users\LapTop\Documents\Visual Studio 2012\Projects\game_chinh_thuc\Debug\link.320-cvtres.read.1.tlog
C:\Users\LapTop\Documents\Visual Studio 2012\Projects\game_chinh_thuc\Debug\link.320-cvtres.write.1.tlog
C:\Users\LapTop\Documents\Visual Studio 2012\Projects\game_chinh_thuc\Debug\link.320-rc.read.1.tlog
C:\Users\LapTop\Documents\Visual Studio 2012\Projects\game_chinh_thuc\Debug\link.320-rc.write.1.tlog
C:\Users\LapTop\Documents\Visual Studio 2012\Projects\game_chinh_thuc\Debug\link.320.read.1.tlog
C:\Users\LapTop\Documents\Visual Studio 2012\Projects\game_chinh_thuc\Debug\link.320.write.1.tlog
C:\Users\LapTop\Documents\Visual Studio 2012\Projects\game_chinh_thuc\Debug\link.4796-cvtres.read.1.tlog
C:\Users\LapTop\Documents\Visual Studio 2012\Projects\game_chinh_thuc\Debug\link.4796-cvtres.write.1.tlog
C:\Users\LapTop\Documents\Visual Studio 2012\Projects\game_chinh_thuc\Debug\link.4796-rc.read.1.tlog
C:\Users\LapTop\Documents\Visual Studio 2012\Projects\game_chinh_thuc\Debug\link.4796-rc.write.1.tlog
C:\Users\LapTop\Documents\Visual Studio 2012\Projects\game_chinh_thuc\Debug\link.4796.read.1.tlog
C:\Users\LapTop\Documents\Visual Studio 2012\Projects\game_chinh_thuc\Debug\link.4796.write.1.tlog
C:\Users\LapTop\Documents\Visual Studio 2012\Projects\game_chinh_thuc\Debug\link.4964-cvtres.read.1.tlog
C:\Users\LapTop\Documents\Visual Studio 2012\Projects\game_chinh_thuc\Debug\link.4964-cvtres.write.1.tlog
C:\Users\LapTop\Documents\Visual Studio 2012\Projects\game_chinh_thuc\Debug\link.4964-rc.read.1.tlog
C:\Users\LapTop\Documents\Visual Studio 2012\Projects\game_chinh_thuc\Debug\link.4964-rc.write.1.tlog
C:\Users\LapTop\Documents\Visual Studio 2012\Projects\game_chinh_thuc\Debug\link.4964.read.1.tlog
C:\Users\LapTop\Documents\Visual Studio 2012\Projects\game_chinh_thuc\Debug\link.4964.write.1.tlog
C:\Users\LapTop\Documents\Visual Studio 2012\Projects\game_chinh_thuc\Debug\link.5008-cvtres.read.1.tlog
C:\Users\LapTop\Documents\Visual Studio 2012\Projects\game_chinh_thuc\Debug\link.5008-cvtres.write.1.tlog
C:\Users\LapTop\Documents\Visual Studio 2012\Projects\game_chinh_thuc\Debug\link.5008-rc.read.1.tlog
C:\Users\LapTop\Documents\Visual Studio 2012\Projects\game_chinh_thuc\Debug\link.5008-rc.write.1.tlog
C:\Users\LapTop\Documents\Visual Studio 2012\Projects\game_chinh_thuc\Debug\link.5008.read.1.tlog
C:\Users\LapTop\Documents\Visual Studio 2012\Projects\game_chinh_thuc\Debug\link.5008.write.1.tlog
C:\Users\LapTop\Documents\Visual Studio 2012\Projects\game_chinh_thuc\Debug\link.5796-cvtres.read.1.tlog
C:\Users\LapTop\Documents\Visual Studio 2012\Projects\game_chinh_thuc\Debug\link.5796-cvtres.write.1.tlog
C:\Users\LapTop\Documents\Visual Studio 2012\Projects\game_chinh_thuc\Debug\link.5796-rc.read.1.tlog
C:\Users\LapTop\Documents\Visual Studio 2012\Projects\game_chinh_thuc\Debug\link.5796-rc.write.1.tlog
C:\Users\LapTop\Documents\Visual Studio 2012\Projects\game_chinh_thuc\Debug\link.5796.read.1.tlog
C:\Users\LapTop\Documents\Visual Studio 2012\Projects\game_chinh_thuc\Debug\link.5796.write.1.tlog
C:\Users\LapTop\Documents\Visual Studio 2012\Projects\game_chinh_thuc\Debug\link.6724-cvtres.read.1.tlog
C:\Users\LapTop\Documents\Visual Studio 2012\Projects\game_chinh_thuc\Debug\link.6724-cvtres.write.1.tlog
C:\Users\LapTop\Documents\Visual Studio 2012\Projects\game_chinh_thuc\Debug\link.6724-rc.read.1.tlog
C:\Users\LapTop\Documents\Visual Studio 2012\Projects\game_chinh_thuc\Debug\link.6724-rc.write.1.tlog
C:\Users\LapTop\Documents\Visual Studio 2012\Projects\game_chinh_thuc\Debug\link.6724.read.1.tlog
C:\Users\LapTop\Documents\Visual Studio 2012\Projects\game_chinh_thuc\Debug\link.6724.write.1.tlog
C:\Users\LapTop\Documents\Visual Studio 2012\Projects\game_chinh_thuc\Debug\link.7316-cvtres.read.1.tlog
C:\Users\LapTop\Documents\Visual Studio 2012\Projects\game_chinh_thuc\Debug\link.7316-cvtres.write.1.tlog
C:\Users\LapTop\Documents\Visual Studio 2012\Projects\game_chinh_thuc\Debug\link.7316-rc.read.1.tlog
C:\Users\LapTop\Documents\Visual Studio 2012\Projects\game_chinh_thuc\Debug\link.7316-rc.write.1.tlog
C:\Users\LapTop\Documents\Visual Studio 2012\Projects\game_chinh_thuc\Debug\link.7316.read.1.tlog
C:\Users\LapTop\Documents\Visual Studio 2012\Projects\game_chinh_thuc\Debug\link.7316.write.1.tlog
C:\Users\LapTop\Documents\Visual Studio 2012\Projects\game_chinh_thuc\Debug\link.command.1.tlog
C:\Users\LapTop\Documents\Visual Studio 2012\Projects\game_chinh_thuc\Debug\link.read.1.tlog
C:\Users\LapTop\Documents\Visual Studio 2012\Projects\game_chinh_thuc\Debug\link.write.1.tlog
C:\Users\LapTop\Documents\Visual Studio 2012\Projects\game_chinh_thuc\Debug\vc110.idb
C:\Users\LapTop\Documents\Visual Studio 2012\Projects\game_chinh_thuc\Debug\game_chinh_thuc.pdb
C:\Users\LapTop\Documents\Visual Studio 2012\Projects\game_chinh_thuc\Debug\vc110.pdb
C:\Users\LapTop\Documents\Visual Studio 2012\Projects\game_chinh_thuc\Debug\game_chinh_thuc.exe
